<?xml version="1.0" encoding="UTF-8"?>
<!-- Generated by org.testng.reporters.JUnitReportReporter -->
<testsuite skipped="0" hostname="ojt12-PC" name="DriverFactory.AppTest" tests="1" failures="0" timestamp="23 Sep 2019 07:35:52 GMT" time="16.718" errors="0">
  <testcase name="kickStart" time="16.718" classname="DriverFactory.AppTest"/>
</testsuite> <!-- DriverFactory.AppTest -->
