<?xml version="1.0" encoding="UTF-8"?>
<!-- Generated by org.testng.reporters.JUnitReportReporter -->
<testsuite skipped="0" hostname="ojt12-PC" name="AppTest" tests="1" failures="0" timestamp="23 Sep 2019 07:16:58 GMT" time="18.477" errors="0">
  <testcase name="kickStart" time="18.477" classname="AppTest"/>
</testsuite> <!-- AppTest -->
